find_header: checking for sqlite3.h... -------------------- yes

"/usr/bin/gcc-4.2 -o conftest -I/Users/daimler456/.rvm/rubies/ruby-1.9.3-p194/include/ruby-1.9.1/x86_64-darwin11.4.2 -I/Users/daimler456/.rvm/rubies/ruby-1.9.3-p194/include/ruby-1.9.1/ruby/backward -I/Users/daimler456/.rvm/rubies/ruby-1.9.3-p194/include/ruby-1.9.1 -I. -I/usr/local/include -I/opt/local/include -I/sw/local/include -I/usr/include -I/Users/daimler456/.rvm/usr/include -D_XOPEN_SOURCE -D_DARWIN_C_SOURCE    -O3 -ggdb -Wextra -Wno-unused-parameter -Wno-parentheses -Wno-long-long -Wno-missing-field-initializers -Wpointer-arith -Wwrite-strings -Wdeclaration-after-statement -Wshorten-64-to-32 -Wimplicit-function-declaration  -fno-common -pipe conftest.c  -L. -L/Users/daimler456/.rvm/rubies/ruby-1.9.3-p194/lib -L/usr/local/lib -L/opt/local/lib -L/sw/local/lib -L/usr/lib -L/Users/daimler456/.rvm/usr/lib -L.      -lruby.1.9.1  -lpthread -ldl -lobjc "
ld: warning: directory not found for option '-L/opt/local/lib'
ld: warning: directory not found for option '-L/sw/local/lib'
checked program was:
/* begin */
1: #include "ruby.h"
2: 
3: int main() {return 0;}
/* end */

"/usr/bin/gcc-4.2 -E -I/Users/daimler456/.rvm/rubies/ruby-1.9.3-p194/include/ruby-1.9.1/x86_64-darwin11.4.2 -I/Users/daimler456/.rvm/rubies/ruby-1.9.3-p194/include/ruby-1.9.1/ruby/backward -I/Users/daimler456/.rvm/rubies/ruby-1.9.3-p194/include/ruby-1.9.1 -I. -I/usr/local/include -I/opt/local/include -I/sw/local/include -I/usr/include -I/Users/daimler456/.rvm/usr/include -D_XOPEN_SOURCE -D_DARWIN_C_SOURCE    -O3 -ggdb -Wextra -Wno-unused-parameter -Wno-parentheses -Wno-long-long -Wno-missing-field-initializers -Wpointer-arith -Wwrite-strings -Wdeclaration-after-statement -Wshorten-64-to-32 -Wimplicit-function-declaration  -fno-common -pipe  conftest.c -o conftest.i"
checked program was:
/* begin */
1: #include "ruby.h"
2: 
3: #include <sqlite3.h>
/* end */

--------------------

find_library: checking for sqlite3_libversion_number() in -lsqlite3... -------------------- yes

"/usr/bin/gcc-4.2 -o conftest -I/Users/daimler456/.rvm/rubies/ruby-1.9.3-p194/include/ruby-1.9.1/x86_64-darwin11.4.2 -I/Users/daimler456/.rvm/rubies/ruby-1.9.3-p194/include/ruby-1.9.1/ruby/backward -I/Users/daimler456/.rvm/rubies/ruby-1.9.3-p194/include/ruby-1.9.1 -I. -I/usr/local/include -I/opt/local/include -I/sw/local/include -I/usr/include -I/Users/daimler456/.rvm/usr/include -D_XOPEN_SOURCE -D_DARWIN_C_SOURCE    -O3 -ggdb -Wextra -Wno-unused-parameter -Wno-parentheses -Wno-long-long -Wno-missing-field-initializers -Wpointer-arith -Wwrite-strings -Wdeclaration-after-statement -Wshorten-64-to-32 -Wimplicit-function-declaration  -fno-common -pipe conftest.c  -L. -L/Users/daimler456/.rvm/rubies/ruby-1.9.3-p194/lib -L/usr/local/lib -L/opt/local/lib -L/sw/local/lib -L/usr/lib -L/Users/daimler456/.rvm/usr/lib -L.      -lruby.1.9.1 -lsqlite3  -lpthread -ldl -lobjc "
conftest.c: In function ‘t’:
conftest.c:5: error: ‘sqlite3_libversion_number’ undeclared (first use in this function)
conftest.c:5: error: (Each undeclared identifier is reported only once
conftest.c:5: error: for each function it appears in.)
checked program was:
/* begin */
1: #include "ruby.h"
2: 
3: /*top*/
4: int main() {return 0;}
5: int t() { void ((*volatile p)()); p = (void ((*)()))sqlite3_libversion_number; return 0; }
/* end */

"/usr/bin/gcc-4.2 -o conftest -I/Users/daimler456/.rvm/rubies/ruby-1.9.3-p194/include/ruby-1.9.1/x86_64-darwin11.4.2 -I/Users/daimler456/.rvm/rubies/ruby-1.9.3-p194/include/ruby-1.9.1/ruby/backward -I/Users/daimler456/.rvm/rubies/ruby-1.9.3-p194/include/ruby-1.9.1 -I. -I/usr/local/include -I/opt/local/include -I/sw/local/include -I/usr/include -I/Users/daimler456/.rvm/usr/include -D_XOPEN_SOURCE -D_DARWIN_C_SOURCE    -O3 -ggdb -Wextra -Wno-unused-parameter -Wno-parentheses -Wno-long-long -Wno-missing-field-initializers -Wpointer-arith -Wwrite-strings -Wdeclaration-after-statement -Wshorten-64-to-32 -Wimplicit-function-declaration  -fno-common -pipe conftest.c  -L. -L/Users/daimler456/.rvm/rubies/ruby-1.9.3-p194/lib -L/usr/local/lib -L/opt/local/lib -L/sw/local/lib -L/usr/lib -L/Users/daimler456/.rvm/usr/lib -L.      -lruby.1.9.1 -lsqlite3  -lpthread -ldl -lobjc "
conftest.c: In function ‘t’:
conftest.c:5: warning: implicit declaration of function ‘sqlite3_libversion_number’
ld: warning: directory not found for option '-L/opt/local/lib'
ld: warning: directory not found for option '-L/sw/local/lib'
checked program was:
/* begin */
1: #include "ruby.h"
2: 
3: /*top*/
4: int main() {return 0;}
5: int t() { sqlite3_libversion_number(); return 0; }
/* end */

--------------------

have_func: checking for rb_proc_arity()... -------------------- yes

"/usr/bin/gcc-4.2 -o conftest -I/Users/daimler456/.rvm/rubies/ruby-1.9.3-p194/include/ruby-1.9.1/x86_64-darwin11.4.2 -I/Users/daimler456/.rvm/rubies/ruby-1.9.3-p194/include/ruby-1.9.1/ruby/backward -I/Users/daimler456/.rvm/rubies/ruby-1.9.3-p194/include/ruby-1.9.1 -I. -I/usr/local/include -I/opt/local/include -I/sw/local/include -I/usr/include -I/Users/daimler456/.rvm/usr/include -D_XOPEN_SOURCE -D_DARWIN_C_SOURCE    -O3 -ggdb -Wextra -Wno-unused-parameter -Wno-parentheses -Wno-long-long -Wno-missing-field-initializers -Wpointer-arith -Wwrite-strings -Wdeclaration-after-statement -Wshorten-64-to-32 -Wimplicit-function-declaration  -fno-common -pipe conftest.c  -L. -L/Users/daimler456/.rvm/rubies/ruby-1.9.3-p194/lib -L/usr/local/lib -L/opt/local/lib -L/sw/local/lib -L/usr/lib -L/Users/daimler456/.rvm/usr/lib -L.     -lsqlite3  -lruby.1.9.1 -lsqlite3  -lpthread -ldl -lobjc "
ld: warning: directory not found for option '-L/opt/local/lib'
ld: warning: directory not found for option '-L/sw/local/lib'
checked program was:
/* begin */
1: #include "ruby.h"
2: 
3: /*top*/
4: int main() {return 0;}
5: int t() { void ((*volatile p)()); p = (void ((*)()))rb_proc_arity; return 0; }
/* end */

--------------------

have_func: checking for sqlite3_initialize()... -------------------- yes

"/usr/bin/gcc-4.2 -o conftest -I/Users/daimler456/.rvm/rubies/ruby-1.9.3-p194/include/ruby-1.9.1/x86_64-darwin11.4.2 -I/Users/daimler456/.rvm/rubies/ruby-1.9.3-p194/include/ruby-1.9.1/ruby/backward -I/Users/daimler456/.rvm/rubies/ruby-1.9.3-p194/include/ruby-1.9.1 -I. -I/usr/local/include -I/opt/local/include -I/sw/local/include -I/usr/include -I/Users/daimler456/.rvm/usr/include -D_XOPEN_SOURCE -D_DARWIN_C_SOURCE    -O3 -ggdb -Wextra -Wno-unused-parameter -Wno-parentheses -Wno-long-long -Wno-missing-field-initializers -Wpointer-arith -Wwrite-strings -Wdeclaration-after-statement -Wshorten-64-to-32 -Wimplicit-function-declaration  -fno-common -pipe conftest.c  -L. -L/Users/daimler456/.rvm/rubies/ruby-1.9.3-p194/lib -L/usr/local/lib -L/opt/local/lib -L/sw/local/lib -L/usr/lib -L/Users/daimler456/.rvm/usr/lib -L.     -lsqlite3  -lruby.1.9.1 -lsqlite3  -lpthread -ldl -lobjc "
conftest.c: In function ‘t’:
conftest.c:5: error: ‘sqlite3_initialize’ undeclared (first use in this function)
conftest.c:5: error: (Each undeclared identifier is reported only once
conftest.c:5: error: for each function it appears in.)
checked program was:
/* begin */
1: #include "ruby.h"
2: 
3: /*top*/
4: int main() {return 0;}
5: int t() { void ((*volatile p)()); p = (void ((*)()))sqlite3_initialize; return 0; }
/* end */

"/usr/bin/gcc-4.2 -o conftest -I/Users/daimler456/.rvm/rubies/ruby-1.9.3-p194/include/ruby-1.9.1/x86_64-darwin11.4.2 -I/Users/daimler456/.rvm/rubies/ruby-1.9.3-p194/include/ruby-1.9.1/ruby/backward -I/Users/daimler456/.rvm/rubies/ruby-1.9.3-p194/include/ruby-1.9.1 -I. -I/usr/local/include -I/opt/local/include -I/sw/local/include -I/usr/include -I/Users/daimler456/.rvm/usr/include -D_XOPEN_SOURCE -D_DARWIN_C_SOURCE    -O3 -ggdb -Wextra -Wno-unused-parameter -Wno-parentheses -Wno-long-long -Wno-missing-field-initializers -Wpointer-arith -Wwrite-strings -Wdeclaration-after-statement -Wshorten-64-to-32 -Wimplicit-function-declaration  -fno-common -pipe conftest.c  -L. -L/Users/daimler456/.rvm/rubies/ruby-1.9.3-p194/lib -L/usr/local/lib -L/opt/local/lib -L/sw/local/lib -L/usr/lib -L/Users/daimler456/.rvm/usr/lib -L.     -lsqlite3  -lruby.1.9.1 -lsqlite3  -lpthread -ldl -lobjc "
conftest.c: In function ‘t’:
conftest.c:5: warning: implicit declaration of function ‘sqlite3_initialize’
ld: warning: directory not found for option '-L/opt/local/lib'
ld: warning: directory not found for option '-L/sw/local/lib'
checked program was:
/* begin */
1: #include "ruby.h"
2: 
3: /*top*/
4: int main() {return 0;}
5: int t() { sqlite3_initialize(); return 0; }
/* end */

--------------------

have_func: checking for sqlite3_next_stmt()... -------------------- yes

"/usr/bin/gcc-4.2 -o conftest -I/Users/daimler456/.rvm/rubies/ruby-1.9.3-p194/include/ruby-1.9.1/x86_64-darwin11.4.2 -I/Users/daimler456/.rvm/rubies/ruby-1.9.3-p194/include/ruby-1.9.1/ruby/backward -I/Users/daimler456/.rvm/rubies/ruby-1.9.3-p194/include/ruby-1.9.1 -I. -I/usr/local/include -I/opt/local/include -I/sw/local/include -I/usr/include -I/Users/daimler456/.rvm/usr/include -D_XOPEN_SOURCE -D_DARWIN_C_SOURCE    -O3 -ggdb -Wextra -Wno-unused-parameter -Wno-parentheses -Wno-long-long -Wno-missing-field-initializers -Wpointer-arith -Wwrite-strings -Wdeclaration-after-statement -Wshorten-64-to-32 -Wimplicit-function-declaration  -fno-common -pipe conftest.c  -L. -L/Users/daimler456/.rvm/rubies/ruby-1.9.3-p194/lib -L/usr/local/lib -L/opt/local/lib -L/sw/local/lib -L/usr/lib -L/Users/daimler456/.rvm/usr/lib -L.     -lsqlite3  -lruby.1.9.1 -lsqlite3  -lpthread -ldl -lobjc "
conftest.c: In function ‘t’:
conftest.c:5: error: ‘sqlite3_next_stmt’ undeclared (first use in this function)
conftest.c:5: error: (Each undeclared identifier is reported only once
conftest.c:5: error: for each function it appears in.)
checked program was:
/* begin */
1: #include "ruby.h"
2: 
3: /*top*/
4: int main() {return 0;}
5: int t() { void ((*volatile p)()); p = (void ((*)()))sqlite3_next_stmt; return 0; }
/* end */

"/usr/bin/gcc-4.2 -o conftest -I/Users/daimler456/.rvm/rubies/ruby-1.9.3-p194/include/ruby-1.9.1/x86_64-darwin11.4.2 -I/Users/daimler456/.rvm/rubies/ruby-1.9.3-p194/include/ruby-1.9.1/ruby/backward -I/Users/daimler456/.rvm/rubies/ruby-1.9.3-p194/include/ruby-1.9.1 -I. -I/usr/local/include -I/opt/local/include -I/sw/local/include -I/usr/include -I/Users/daimler456/.rvm/usr/include -D_XOPEN_SOURCE -D_DARWIN_C_SOURCE    -O3 -ggdb -Wextra -Wno-unused-parameter -Wno-parentheses -Wno-long-long -Wno-missing-field-initializers -Wpointer-arith -Wwrite-strings -Wdeclaration-after-statement -Wshorten-64-to-32 -Wimplicit-function-declaration  -fno-common -pipe conftest.c  -L. -L/Users/daimler456/.rvm/rubies/ruby-1.9.3-p194/lib -L/usr/local/lib -L/opt/local/lib -L/sw/local/lib -L/usr/lib -L/Users/daimler456/.rvm/usr/lib -L.     -lsqlite3  -lruby.1.9.1 -lsqlite3  -lpthread -ldl -lobjc "
conftest.c: In function ‘t’:
conftest.c:5: warning: implicit declaration of function ‘sqlite3_next_stmt’
ld: warning: directory not found for option '-L/opt/local/lib'
ld: warning: directory not found for option '-L/sw/local/lib'
checked program was:
/* begin */
1: #include "ruby.h"
2: 
3: /*top*/
4: int main() {return 0;}
5: int t() { sqlite3_next_stmt(); return 0; }
/* end */

--------------------

have_func: checking for sqlite3_backup_init()... -------------------- yes

"/usr/bin/gcc-4.2 -o conftest -I/Users/daimler456/.rvm/rubies/ruby-1.9.3-p194/include/ruby-1.9.1/x86_64-darwin11.4.2 -I/Users/daimler456/.rvm/rubies/ruby-1.9.3-p194/include/ruby-1.9.1/ruby/backward -I/Users/daimler456/.rvm/rubies/ruby-1.9.3-p194/include/ruby-1.9.1 -I. -I/usr/local/include -I/opt/local/include -I/sw/local/include -I/usr/include -I/Users/daimler456/.rvm/usr/include -D_XOPEN_SOURCE -D_DARWIN_C_SOURCE    -O3 -ggdb -Wextra -Wno-unused-parameter -Wno-parentheses -Wno-long-long -Wno-missing-field-initializers -Wpointer-arith -Wwrite-strings -Wdeclaration-after-statement -Wshorten-64-to-32 -Wimplicit-function-declaration  -fno-common -pipe conftest.c  -L. -L/Users/daimler456/.rvm/rubies/ruby-1.9.3-p194/lib -L/usr/local/lib -L/opt/local/lib -L/sw/local/lib -L/usr/lib -L/Users/daimler456/.rvm/usr/lib -L.     -lsqlite3  -lruby.1.9.1 -lsqlite3  -lpthread -ldl -lobjc "
conftest.c: In function ‘t’:
conftest.c:5: error: ‘sqlite3_backup_init’ undeclared (first use in this function)
conftest.c:5: error: (Each undeclared identifier is reported only once
conftest.c:5: error: for each function it appears in.)
checked program was:
/* begin */
1: #include "ruby.h"
2: 
3: /*top*/
4: int main() {return 0;}
5: int t() { void ((*volatile p)()); p = (void ((*)()))sqlite3_backup_init; return 0; }
/* end */

"/usr/bin/gcc-4.2 -o conftest -I/Users/daimler456/.rvm/rubies/ruby-1.9.3-p194/include/ruby-1.9.1/x86_64-darwin11.4.2 -I/Users/daimler456/.rvm/rubies/ruby-1.9.3-p194/include/ruby-1.9.1/ruby/backward -I/Users/daimler456/.rvm/rubies/ruby-1.9.3-p194/include/ruby-1.9.1 -I. -I/usr/local/include -I/opt/local/include -I/sw/local/include -I/usr/include -I/Users/daimler456/.rvm/usr/include -D_XOPEN_SOURCE -D_DARWIN_C_SOURCE    -O3 -ggdb -Wextra -Wno-unused-parameter -Wno-parentheses -Wno-long-long -Wno-missing-field-initializers -Wpointer-arith -Wwrite-strings -Wdeclaration-after-statement -Wshorten-64-to-32 -Wimplicit-function-declaration  -fno-common -pipe conftest.c  -L. -L/Users/daimler456/.rvm/rubies/ruby-1.9.3-p194/lib -L/usr/local/lib -L/opt/local/lib -L/sw/local/lib -L/usr/lib -L/Users/daimler456/.rvm/usr/lib -L.     -lsqlite3  -lruby.1.9.1 -lsqlite3  -lpthread -ldl -lobjc "
conftest.c: In function ‘t’:
conftest.c:5: warning: implicit declaration of function ‘sqlite3_backup_init’
ld: warning: directory not found for option '-L/opt/local/lib'
ld: warning: directory not found for option '-L/sw/local/lib'
checked program was:
/* begin */
1: #include "ruby.h"
2: 
3: /*top*/
4: int main() {return 0;}
5: int t() { sqlite3_backup_init(); return 0; }
/* end */

--------------------

have_func: checking for sqlite3_column_database_name()... -------------------- no

"/usr/bin/gcc-4.2 -o conftest -I/Users/daimler456/.rvm/rubies/ruby-1.9.3-p194/include/ruby-1.9.1/x86_64-darwin11.4.2 -I/Users/daimler456/.rvm/rubies/ruby-1.9.3-p194/include/ruby-1.9.1/ruby/backward -I/Users/daimler456/.rvm/rubies/ruby-1.9.3-p194/include/ruby-1.9.1 -I. -I/usr/local/include -I/opt/local/include -I/sw/local/include -I/usr/include -I/Users/daimler456/.rvm/usr/include -D_XOPEN_SOURCE -D_DARWIN_C_SOURCE    -O3 -ggdb -Wextra -Wno-unused-parameter -Wno-parentheses -Wno-long-long -Wno-missing-field-initializers -Wpointer-arith -Wwrite-strings -Wdeclaration-after-statement -Wshorten-64-to-32 -Wimplicit-function-declaration  -fno-common -pipe conftest.c  -L. -L/Users/daimler456/.rvm/rubies/ruby-1.9.3-p194/lib -L/usr/local/lib -L/opt/local/lib -L/sw/local/lib -L/usr/lib -L/Users/daimler456/.rvm/usr/lib -L.     -lsqlite3  -lruby.1.9.1 -lsqlite3  -lpthread -ldl -lobjc "
conftest.c: In function ‘t’:
conftest.c:5: error: ‘sqlite3_column_database_name’ undeclared (first use in this function)
conftest.c:5: error: (Each undeclared identifier is reported only once
conftest.c:5: error: for each function it appears in.)
checked program was:
/* begin */
1: #include "ruby.h"
2: 
3: /*top*/
4: int main() {return 0;}
5: int t() { void ((*volatile p)()); p = (void ((*)()))sqlite3_column_database_name; return 0; }
/* end */

"/usr/bin/gcc-4.2 -o conftest -I/Users/daimler456/.rvm/rubies/ruby-1.9.3-p194/include/ruby-1.9.1/x86_64-darwin11.4.2 -I/Users/daimler456/.rvm/rubies/ruby-1.9.3-p194/include/ruby-1.9.1/ruby/backward -I/Users/daimler456/.rvm/rubies/ruby-1.9.3-p194/include/ruby-1.9.1 -I. -I/usr/local/include -I/opt/local/include -I/sw/local/include -I/usr/include -I/Users/daimler456/.rvm/usr/include -D_XOPEN_SOURCE -D_DARWIN_C_SOURCE    -O3 -ggdb -Wextra -Wno-unused-parameter -Wno-parentheses -Wno-long-long -Wno-missing-field-initializers -Wpointer-arith -Wwrite-strings -Wdeclaration-after-statement -Wshorten-64-to-32 -Wimplicit-function-declaration  -fno-common -pipe conftest.c  -L. -L/Users/daimler456/.rvm/rubies/ruby-1.9.3-p194/lib -L/usr/local/lib -L/opt/local/lib -L/sw/local/lib -L/usr/lib -L/Users/daimler456/.rvm/usr/lib -L.     -lsqlite3  -lruby.1.9.1 -lsqlite3  -lpthread -ldl -lobjc "
conftest.c: In function ‘t’:
conftest.c:5: warning: implicit declaration of function ‘sqlite3_column_database_name’
ld: warning: directory not found for option '-L/opt/local/lib'
ld: warning: directory not found for option '-L/sw/local/lib'
Undefined symbols for architecture x86_64:
  "_sqlite3_column_database_name", referenced from:
      _t in ccVwEq2D.o
ld: symbol(s) not found for architecture x86_64
collect2: ld returned 1 exit status
checked program was:
/* begin */
1: #include "ruby.h"
2: 
3: /*top*/
4: int main() {return 0;}
5: int t() { sqlite3_column_database_name(); return 0; }
/* end */

--------------------

have_func: checking for sqlite3_enable_load_extension()... -------------------- no

"/usr/bin/gcc-4.2 -o conftest -I/Users/daimler456/.rvm/rubies/ruby-1.9.3-p194/include/ruby-1.9.1/x86_64-darwin11.4.2 -I/Users/daimler456/.rvm/rubies/ruby-1.9.3-p194/include/ruby-1.9.1/ruby/backward -I/Users/daimler456/.rvm/rubies/ruby-1.9.3-p194/include/ruby-1.9.1 -I. -I/usr/local/include -I/opt/local/include -I/sw/local/include -I/usr/include -I/Users/daimler456/.rvm/usr/include -D_XOPEN_SOURCE -D_DARWIN_C_SOURCE    -O3 -ggdb -Wextra -Wno-unused-parameter -Wno-parentheses -Wno-long-long -Wno-missing-field-initializers -Wpointer-arith -Wwrite-strings -Wdeclaration-after-statement -Wshorten-64-to-32 -Wimplicit-function-declaration  -fno-common -pipe conftest.c  -L. -L/Users/daimler456/.rvm/rubies/ruby-1.9.3-p194/lib -L/usr/local/lib -L/opt/local/lib -L/sw/local/lib -L/usr/lib -L/Users/daimler456/.rvm/usr/lib -L.     -lsqlite3  -lruby.1.9.1 -lsqlite3  -lpthread -ldl -lobjc "
conftest.c: In function ‘t’:
conftest.c:5: error: ‘sqlite3_enable_load_extension’ undeclared (first use in this function)
conftest.c:5: error: (Each undeclared identifier is reported only once
conftest.c:5: error: for each function it appears in.)
checked program was:
/* begin */
1: #include "ruby.h"
2: 
3: /*top*/
4: int main() {return 0;}
5: int t() { void ((*volatile p)()); p = (void ((*)()))sqlite3_enable_load_extension; return 0; }
/* end */

"/usr/bin/gcc-4.2 -o conftest -I/Users/daimler456/.rvm/rubies/ruby-1.9.3-p194/include/ruby-1.9.1/x86_64-darwin11.4.2 -I/Users/daimler456/.rvm/rubies/ruby-1.9.3-p194/include/ruby-1.9.1/ruby/backward -I/Users/daimler456/.rvm/rubies/ruby-1.9.3-p194/include/ruby-1.9.1 -I. -I/usr/local/include -I/opt/local/include -I/sw/local/include -I/usr/include -I/Users/daimler456/.rvm/usr/include -D_XOPEN_SOURCE -D_DARWIN_C_SOURCE    -O3 -ggdb -Wextra -Wno-unused-parameter -Wno-parentheses -Wno-long-long -Wno-missing-field-initializers -Wpointer-arith -Wwrite-strings -Wdeclaration-after-statement -Wshorten-64-to-32 -Wimplicit-function-declaration  -fno-common -pipe conftest.c  -L. -L/Users/daimler456/.rvm/rubies/ruby-1.9.3-p194/lib -L/usr/local/lib -L/opt/local/lib -L/sw/local/lib -L/usr/lib -L/Users/daimler456/.rvm/usr/lib -L.     -lsqlite3  -lruby.1.9.1 -lsqlite3  -lpthread -ldl -lobjc "
conftest.c: In function ‘t’:
conftest.c:5: warning: implicit declaration of function ‘sqlite3_enable_load_extension’
ld: warning: directory not found for option '-L/opt/local/lib'
ld: warning: directory not found for option '-L/sw/local/lib'
Undefined symbols for architecture x86_64:
  "_sqlite3_enable_load_extension", referenced from:
      _t in ccqezrJ0.o
ld: symbol(s) not found for architecture x86_64
collect2: ld returned 1 exit status
checked program was:
/* begin */
1: #include "ruby.h"
2: 
3: /*top*/
4: int main() {return 0;}
5: int t() { sqlite3_enable_load_extension(); return 0; }
/* end */

--------------------

have_func: checking for sqlite3_load_extension()... -------------------- no

"/usr/bin/gcc-4.2 -o conftest -I/Users/daimler456/.rvm/rubies/ruby-1.9.3-p194/include/ruby-1.9.1/x86_64-darwin11.4.2 -I/Users/daimler456/.rvm/rubies/ruby-1.9.3-p194/include/ruby-1.9.1/ruby/backward -I/Users/daimler456/.rvm/rubies/ruby-1.9.3-p194/include/ruby-1.9.1 -I. -I/usr/local/include -I/opt/local/include -I/sw/local/include -I/usr/include -I/Users/daimler456/.rvm/usr/include -D_XOPEN_SOURCE -D_DARWIN_C_SOURCE    -O3 -ggdb -Wextra -Wno-unused-parameter -Wno-parentheses -Wno-long-long -Wno-missing-field-initializers -Wpointer-arith -Wwrite-strings -Wdeclaration-after-statement -Wshorten-64-to-32 -Wimplicit-function-declaration  -fno-common -pipe conftest.c  -L. -L/Users/daimler456/.rvm/rubies/ruby-1.9.3-p194/lib -L/usr/local/lib -L/opt/local/lib -L/sw/local/lib -L/usr/lib -L/Users/daimler456/.rvm/usr/lib -L.     -lsqlite3  -lruby.1.9.1 -lsqlite3  -lpthread -ldl -lobjc "
conftest.c: In function ‘t’:
conftest.c:5: error: ‘sqlite3_load_extension’ undeclared (first use in this function)
conftest.c:5: error: (Each undeclared identifier is reported only once
conftest.c:5: error: for each function it appears in.)
checked program was:
/* begin */
1: #include "ruby.h"
2: 
3: /*top*/
4: int main() {return 0;}
5: int t() { void ((*volatile p)()); p = (void ((*)()))sqlite3_load_extension; return 0; }
/* end */

"/usr/bin/gcc-4.2 -o conftest -I/Users/daimler456/.rvm/rubies/ruby-1.9.3-p194/include/ruby-1.9.1/x86_64-darwin11.4.2 -I/Users/daimler456/.rvm/rubies/ruby-1.9.3-p194/include/ruby-1.9.1/ruby/backward -I/Users/daimler456/.rvm/rubies/ruby-1.9.3-p194/include/ruby-1.9.1 -I. -I/usr/local/include -I/opt/local/include -I/sw/local/include -I/usr/include -I/Users/daimler456/.rvm/usr/include -D_XOPEN_SOURCE -D_DARWIN_C_SOURCE    -O3 -ggdb -Wextra -Wno-unused-parameter -Wno-parentheses -Wno-long-long -Wno-missing-field-initializers -Wpointer-arith -Wwrite-strings -Wdeclaration-after-statement -Wshorten-64-to-32 -Wimplicit-function-declaration  -fno-common -pipe conftest.c  -L. -L/Users/daimler456/.rvm/rubies/ruby-1.9.3-p194/lib -L/usr/local/lib -L/opt/local/lib -L/sw/local/lib -L/usr/lib -L/Users/daimler456/.rvm/usr/lib -L.     -lsqlite3  -lruby.1.9.1 -lsqlite3  -lpthread -ldl -lobjc "
conftest.c: In function ‘t’:
conftest.c:5: warning: implicit declaration of function ‘sqlite3_load_extension’
ld: warning: directory not found for option '-L/opt/local/lib'
ld: warning: directory not found for option '-L/sw/local/lib'
Undefined symbols for architecture x86_64:
  "_sqlite3_load_extension", referenced from:
      _t in cc6k92kk.o
ld: symbol(s) not found for architecture x86_64
collect2: ld returned 1 exit status
checked program was:
/* begin */
1: #include "ruby.h"
2: 
3: /*top*/
4: int main() {return 0;}
5: int t() { sqlite3_load_extension(); return 0; }
/* end */

--------------------

